E:\PROGRAM FILES\DEMO\DEBUG\DEMO.EXE
E:\PROGRAM FILES\DEMO\DEBUG\DEMO.ILK
E:\PROGRAM FILES\DEMO\DEBUG\DEMO.PDB
E:\program files\demo\demo\Debug\cl.command.1.tlog
E:\program files\demo\demo\Debug\CL.read.1.tlog
E:\program files\demo\demo\Debug\CL.write.1.tlog
E:\PROGRAM FILES\DEMO\DEMO\DEBUG\DEMO.EXE.EMBED.MANIFEST
E:\PROGRAM FILES\DEMO\DEMO\DEBUG\DEMO.EXE.EMBED.MANIFEST.RES
E:\PROGRAM FILES\DEMO\DEMO\DEBUG\DEMO.EXE.INTERMEDIATE.MANIFEST
E:\PROGRAM FILES\DEMO\DEMO\DEBUG\DEMO.OBJ
E:\program files\demo\demo\Debug\demo.vcxprojResolveAssemblyReference.cache
E:\program files\demo\demo\Debug\demo.write.1.tlog
E:\program files\demo\demo\Debug\demo_manifest.rc
E:\program files\demo\demo\Debug\link.2200.read.1.tlog
E:\program files\demo\demo\Debug\link.2200.write.1.tlog
E:\program files\demo\demo\Debug\link.2200-cvtres.read.1.tlog
E:\program files\demo\demo\Debug\link.2200-cvtres.write.1.tlog
E:\program files\demo\demo\Debug\link.2304.read.1.tlog
E:\program files\demo\demo\Debug\link.2304.write.1.tlog
E:\program files\demo\demo\Debug\link.2304-cvtres.read.1.tlog
E:\program files\demo\demo\Debug\link.2304-cvtres.write.1.tlog
E:\program files\demo\demo\Debug\link.6176.read.1.tlog
E:\program files\demo\demo\Debug\link.6176.write.1.tlog
E:\program files\demo\demo\Debug\link.6176-cvtres.read.1.tlog
E:\program files\demo\demo\Debug\link.6176-cvtres.write.1.tlog
E:\program files\demo\demo\Debug\link.6964.read.1.tlog
E:\program files\demo\demo\Debug\link.6964.write.1.tlog
E:\program files\demo\demo\Debug\link.6964-cvtres.read.1.tlog
E:\program files\demo\demo\Debug\link.6964-cvtres.write.1.tlog
E:\program files\demo\demo\Debug\link.7600.read.1.tlog
E:\program files\demo\demo\Debug\link.7600.write.1.tlog
E:\program files\demo\demo\Debug\link.7600-cvtres.read.1.tlog
E:\program files\demo\demo\Debug\link.7600-cvtres.write.1.tlog
E:\program files\demo\demo\Debug\link.7772.read.1.tlog
E:\program files\demo\demo\Debug\link.7772.write.1.tlog
E:\program files\demo\demo\Debug\link.7772-cvtres.read.1.tlog
E:\program files\demo\demo\Debug\link.7772-cvtres.write.1.tlog
E:\program files\demo\demo\Debug\link.8896.read.1.tlog
E:\program files\demo\demo\Debug\link.8896.write.1.tlog
E:\program files\demo\demo\Debug\link.8896-cvtres.read.1.tlog
E:\program files\demo\demo\Debug\link.8896-cvtres.write.1.tlog
E:\program files\demo\demo\Debug\link.956.read.1.tlog
E:\program files\demo\demo\Debug\link.956.write.1.tlog
E:\program files\demo\demo\Debug\link.956-cvtres.read.1.tlog
E:\program files\demo\demo\Debug\link.956-cvtres.write.1.tlog
E:\program files\demo\demo\Debug\link.command.1.tlog
E:\program files\demo\demo\Debug\link.read.1.tlog
E:\program files\demo\demo\Debug\link.write.1.tlog
E:\program files\demo\demo\Debug\link-cvtres.read.1.tlog
E:\program files\demo\demo\Debug\link-cvtres.write.1.tlog
E:\program files\demo\demo\Debug\mt.command.1.tlog
E:\program files\demo\demo\Debug\mt.read.1.tlog
E:\program files\demo\demo\Debug\mt.write.1.tlog
E:\program files\demo\demo\Debug\rc.command.1.tlog
E:\program files\demo\demo\Debug\rc.read.1.tlog
E:\program files\demo\demo\Debug\rc.write.1.tlog
E:\program files\demo\demo\Debug\vc100.idb
E:\PROGRAM FILES\DEMO\DEMO\DEBUG\VC100.PDB
